<?xml version="1.0" encoding="UTF-8"?>
<!-- Generated by org.testng.reporters.JUnitXMLReporter -->
<testsuite hostname="LAPTOP-L4BUNP0Q" ignored="0" name="Amazon Home" tests="3" failures="0" timestamp="16 Sep 2017 16:38:45 GMT" time="81.59" errors="0">
  <testcase name="testSearchItems" time="20.254" classname="AmazonHome.TestSearchItems"/>
  <testcase name="testDropDownMenu" time="31.343" classname="AmazonHome.TestDropDownMenu"/>
  <testcase name="testDropDownList" time="4.438" classname="AmazonHome.TestDropDownList"/>
</testsuite> <!-- Amazon Home -->
