<?xml version="1.0" encoding="UTF-8"?>
<testng-results skipped="0" failed="0" ignored="0" total="3" passed="3">
  <reporter-output>
  </reporter-output>
  <suite name="Amazon Automation Test" duration-ms="81590" started-at="2017-09-16T16:37:23Z" finished-at="2017-09-16T16:38:45Z">
    <groups>
    </groups>
    <test name="Amazon Home" duration-ms="81590" started-at="2017-09-16T16:37:23Z" finished-at="2017-09-16T16:38:45Z">
      <class name="AmazonHome.TestDropDownList">
        <test-method status="PASS" signature="setUp(boolean, java.lang.String, java.lang.String, java.lang.String, java.lang.String, java.lang.String, java.lang.String)[pri:0, instance:AmazonHome.TestDropDownList@6615435c]" name="setUp" is-config="true" duration-ms="6886" started-at="2017-09-16T12:38:33Z" finished-at="2017-09-16T12:38:40Z">
          <params>
            <param index="0">
              <value>
                <![CDATA[false]]>
              </value>
            </param>
            <param index="1">
              <value>
                <![CDATA[browserstack]]>
              </value>
            </param>
            <param index="2">
              <value>
                <![CDATA[Windows]]>
              </value>
            </param>
            <param index="3">
              <value>
                <![CDATA[Sierra]]>
              </value>
            </param>
            <param index="4">
              <value>
                <![CDATA[chrome]]>
              </value>
            </param>
            <param index="5">
              <value>
                <![CDATA[53.0]]>
              </value>
            </param>
            <param index="6">
              <value>
                <![CDATA[http://amazon.com]]>
              </value>
            </param>
          </params>
          <reporter-output>
          </reporter-output>
        </test-method> <!-- setUp -->
        <test-method status="PASS" signature="testDropDownList()[pri:0, instance:AmazonHome.TestDropDownList@6615435c]" name="testDropDownList" duration-ms="4438" started-at="2017-09-16T12:38:40Z" finished-at="2017-09-16T12:38:45Z">
          <reporter-output>
          </reporter-output>
        </test-method> <!-- testDropDownList -->
        <test-method status="PASS" signature="cleanUp()[pri:0, instance:AmazonHome.TestDropDownList@6615435c]" name="cleanUp" is-config="true" duration-ms="196" started-at="2017-09-16T12:38:45Z" finished-at="2017-09-16T12:38:45Z">
          <reporter-output>
          </reporter-output>
        </test-method> <!-- cleanUp -->
      </class> <!-- AmazonHome.TestDropDownList -->
      <class name="AmazonHome.TestDropDownMenu">
        <test-method status="PASS" signature="setUp(boolean, java.lang.String, java.lang.String, java.lang.String, java.lang.String, java.lang.String, java.lang.String)[pri:0, instance:AmazonHome.TestDropDownMenu@1936f0f5]" name="setUp" is-config="true" duration-ms="7315" started-at="2017-09-16T12:37:55Z" finished-at="2017-09-16T12:38:02Z">
          <params>
            <param index="0">
              <value>
                <![CDATA[false]]>
              </value>
            </param>
            <param index="1">
              <value>
                <![CDATA[browserstack]]>
              </value>
            </param>
            <param index="2">
              <value>
                <![CDATA[Windows]]>
              </value>
            </param>
            <param index="3">
              <value>
                <![CDATA[Sierra]]>
              </value>
            </param>
            <param index="4">
              <value>
                <![CDATA[chrome]]>
              </value>
            </param>
            <param index="5">
              <value>
                <![CDATA[53.0]]>
              </value>
            </param>
            <param index="6">
              <value>
                <![CDATA[http://amazon.com]]>
              </value>
            </param>
          </params>
          <reporter-output>
          </reporter-output>
        </test-method> <!-- setUp -->
        <test-method status="PASS" signature="testDropDownMenu()[pri:0, instance:AmazonHome.TestDropDownMenu@1936f0f5]" name="testDropDownMenu" duration-ms="31343" started-at="2017-09-16T12:38:02Z" finished-at="2017-09-16T12:38:33Z">
          <reporter-output>
          </reporter-output>
        </test-method> <!-- testDropDownMenu -->
        <test-method status="PASS" signature="cleanUp()[pri:0, instance:AmazonHome.TestDropDownMenu@1936f0f5]" name="cleanUp" is-config="true" duration-ms="172" started-at="2017-09-16T12:38:33Z" finished-at="2017-09-16T12:38:33Z">
          <reporter-output>
          </reporter-output>
        </test-method> <!-- cleanUp -->
      </class> <!-- AmazonHome.TestDropDownMenu -->
      <class name="AmazonHome.TestSearchItems">
        <test-method status="PASS" signature="setUp(boolean, java.lang.String, java.lang.String, java.lang.String, java.lang.String, java.lang.String, java.lang.String)[pri:0, instance:AmazonHome.TestSearchItems@6b143ee9]" name="setUp" is-config="true" duration-ms="8886" started-at="2017-09-16T12:37:23Z" finished-at="2017-09-16T12:37:32Z">
          <params>
            <param index="0">
              <value>
                <![CDATA[false]]>
              </value>
            </param>
            <param index="1">
              <value>
                <![CDATA[browserstack]]>
              </value>
            </param>
            <param index="2">
              <value>
                <![CDATA[Windows]]>
              </value>
            </param>
            <param index="3">
              <value>
                <![CDATA[Sierra]]>
              </value>
            </param>
            <param index="4">
              <value>
                <![CDATA[chrome]]>
              </value>
            </param>
            <param index="5">
              <value>
                <![CDATA[53.0]]>
              </value>
            </param>
            <param index="6">
              <value>
                <![CDATA[http://amazon.com]]>
              </value>
            </param>
          </params>
          <reporter-output>
          </reporter-output>
        </test-method> <!-- setUp -->
        <test-method status="PASS" signature="testSearchItems()[pri:0, instance:AmazonHome.TestSearchItems@6b143ee9]" name="testSearchItems" duration-ms="20254" started-at="2017-09-16T12:37:32Z" finished-at="2017-09-16T12:37:53Z">
          <reporter-output>
          </reporter-output>
        </test-method> <!-- testSearchItems -->
        <test-method status="PASS" signature="cleanUp()[pri:0, instance:AmazonHome.TestSearchItems@6b143ee9]" name="cleanUp" is-config="true" duration-ms="2073" started-at="2017-09-16T12:37:53Z" finished-at="2017-09-16T12:37:55Z">
          <reporter-output>
          </reporter-output>
        </test-method> <!-- cleanUp -->
      </class> <!-- AmazonHome.TestSearchItems -->
    </test> <!-- Amazon Home -->
  </suite> <!-- Amazon Automation Test -->
</testng-results>
