<?xml version="1.0" encoding="UTF-8"?>
<testng-results skipped="0" failed="0" ignored="0" total="1" passed="1">
  <reporter-output>
  </reporter-output>
  <suite name="Amazon Automation Test" duration-ms="16741" started-at="2017-09-26T18:26:06Z" finished-at="2017-09-26T18:26:22Z">
    <groups>
    </groups>
    <test name="Facebook Home" duration-ms="16741" started-at="2017-09-26T18:26:06Z" finished-at="2017-09-26T18:26:22Z">
      <class name="TestFacebookProfile.TestChangeSettings">
        <test-method status="PASS" signature="setUp(boolean, java.lang.String, java.lang.String, java.lang.String, java.lang.String, java.lang.String, java.lang.String)[pri:0, instance:TestFacebookProfile.TestChangeSettings@2096442d]" name="setUp" is-config="true" duration-ms="6877" started-at="2017-09-26T14:26:06Z" finished-at="2017-09-26T14:26:13Z">
          <params>
            <param index="0">
              <value>
                <![CDATA[false]]>
              </value>
            </param>
            <param index="1">
              <value>
                <![CDATA[browserstack]]>
              </value>
            </param>
            <param index="2">
              <value>
                <![CDATA[Windows]]>
              </value>
            </param>
            <param index="3">
              <value>
                <![CDATA[10]]>
              </value>
            </param>
            <param index="4">
              <value>
                <![CDATA[Firefox]]>
              </value>
            </param>
            <param index="5">
              <value>
                <![CDATA[53.0]]>
              </value>
            </param>
            <param index="6">
              <value>
                <![CDATA[https://www.facebook.com/]]>
              </value>
            </param>
          </params>
          <reporter-output>
          </reporter-output>
        </test-method> <!-- setUp -->
        <test-method status="PASS" signature="testChangeSettings()[pri:0, instance:TestFacebookProfile.TestChangeSettings@2096442d]" name="testChangeSettings" duration-ms="9380" started-at="2017-09-26T14:26:13Z" finished-at="2017-09-26T14:26:22Z">
          <reporter-output>
          </reporter-output>
        </test-method> <!-- testChangeSettings -->
        <test-method status="PASS" signature="cleanUp()[pri:0, instance:TestFacebookProfile.TestChangeSettings@2096442d]" name="cleanUp" is-config="true" duration-ms="469" started-at="2017-09-26T14:26:22Z" finished-at="2017-09-26T14:26:22Z">
          <reporter-output>
          </reporter-output>
        </test-method> <!-- cleanUp -->
      </class> <!-- TestFacebookProfile.TestChangeSettings -->
    </test> <!-- Facebook Home -->
  </suite> <!-- Amazon Automation Test -->
</testng-results>
