<?xml version="1.0" encoding="UTF-8"?>
<testng-results skipped="0" failed="0" ignored="0" total="2" passed="2">
  <reporter-output>
  </reporter-output>
  <suite name="Amazon Automation Test" duration-ms="18952" started-at="2017-09-16T16:38:47Z" finished-at="2017-09-16T16:39:06Z">
    <groups>
    </groups>
    <test name="Facebook Home" duration-ms="18952" started-at="2017-09-16T16:38:47Z" finished-at="2017-09-16T16:39:06Z">
      <class name="TestFacebookHome.TestLogin">
        <test-method status="PASS" signature="setUp(boolean, java.lang.String, java.lang.String, java.lang.String, java.lang.String, java.lang.String, java.lang.String)[pri:0, instance:TestFacebookHome.TestLogin@6b143ee9]" name="setUp" is-config="true" duration-ms="8328" started-at="2017-09-16T12:38:47Z" finished-at="2017-09-16T12:38:55Z">
          <params>
            <param index="0">
              <value>
                <![CDATA[false]]>
              </value>
            </param>
            <param index="1">
              <value>
                <![CDATA[browserstack]]>
              </value>
            </param>
            <param index="2">
              <value>
                <![CDATA[Windows]]>
              </value>
            </param>
            <param index="3">
              <value>
                <![CDATA[Sierra]]>
              </value>
            </param>
            <param index="4">
              <value>
                <![CDATA[firefox]]>
              </value>
            </param>
            <param index="5">
              <value>
                <![CDATA[53.0]]>
              </value>
            </param>
            <param index="6">
              <value>
                <![CDATA[https://www.facebook.com/]]>
              </value>
            </param>
          </params>
          <reporter-output>
          </reporter-output>
        </test-method> <!-- setUp -->
        <test-method status="PASS" signature="testLogin()[pri:0, instance:TestFacebookHome.TestLogin@6b143ee9]" name="testLogin" duration-ms="1819" started-at="2017-09-16T12:38:55Z" finished-at="2017-09-16T12:38:57Z">
          <reporter-output>
          </reporter-output>
        </test-method> <!-- testLogin -->
        <test-method status="PASS" signature="cleanUp()[pri:0, instance:TestFacebookHome.TestLogin@6b143ee9]" name="cleanUp" is-config="true" duration-ms="304" started-at="2017-09-16T12:38:57Z" finished-at="2017-09-16T12:38:57Z">
          <reporter-output>
          </reporter-output>
        </test-method> <!-- cleanUp -->
      </class> <!-- TestFacebookHome.TestLogin -->
      <class name="TestFacebookHome.TestCreateAccount">
        <test-method status="PASS" signature="setUp(boolean, java.lang.String, java.lang.String, java.lang.String, java.lang.String, java.lang.String, java.lang.String)[pri:0, instance:TestFacebookHome.TestCreateAccount@1936f0f5]" name="setUp" is-config="true" duration-ms="5791" started-at="2017-09-16T12:38:57Z" finished-at="2017-09-16T12:39:03Z">
          <params>
            <param index="0">
              <value>
                <![CDATA[false]]>
              </value>
            </param>
            <param index="1">
              <value>
                <![CDATA[browserstack]]>
              </value>
            </param>
            <param index="2">
              <value>
                <![CDATA[Windows]]>
              </value>
            </param>
            <param index="3">
              <value>
                <![CDATA[Sierra]]>
              </value>
            </param>
            <param index="4">
              <value>
                <![CDATA[firefox]]>
              </value>
            </param>
            <param index="5">
              <value>
                <![CDATA[53.0]]>
              </value>
            </param>
            <param index="6">
              <value>
                <![CDATA[https://www.facebook.com/]]>
              </value>
            </param>
          </params>
          <reporter-output>
          </reporter-output>
        </test-method> <!-- setUp -->
        <test-method status="PASS" signature="testCreateAccount()[pri:0, instance:TestFacebookHome.TestCreateAccount@1936f0f5]" name="testCreateAccount" duration-ms="2428" started-at="2017-09-16T12:39:03Z" finished-at="2017-09-16T12:39:05Z">
          <reporter-output>
          </reporter-output>
        </test-method> <!-- testCreateAccount -->
        <test-method status="PASS" signature="cleanUp()[pri:0, instance:TestFacebookHome.TestCreateAccount@1936f0f5]" name="cleanUp" is-config="true" duration-ms="257" started-at="2017-09-16T12:39:05Z" finished-at="2017-09-16T12:39:06Z">
          <reporter-output>
          </reporter-output>
        </test-method> <!-- cleanUp -->
      </class> <!-- TestFacebookHome.TestCreateAccount -->
    </test> <!-- Facebook Home -->
  </suite> <!-- Amazon Automation Test -->
</testng-results>
